[2026-06-16 22:23:35,426] ERROR in app: Exception on /register [POST]
Traceback (most recent call last):
  File "/home/medikara/virtualenv/medikarantai/3.10/lib/python3.10/site-packages/flask/app.py", line 1511, in wsgi_app
    response = self.full_dispatch_request()
  File "/home/medikara/virtualenv/medikarantai/3.10/lib/python3.10/site-packages/flask/app.py", line 919, in full_dispatch_request
    rv = self.handle_user_exception(e)
  File "/home/medikara/virtualenv/medikarantai/3.10/lib/python3.10/site-packages/flask/app.py", line 917, in full_dispatch_request
    rv = self.dispatch_request()
  File "/home/medikara/virtualenv/medikarantai/3.10/lib/python3.10/site-packages/flask/app.py", line 902, in dispatch_request
    return self.ensure_sync(self.view_functions[rule.endpoint])(**view_args)  # type: ignore[no-any-return]
  File "/home/medikara/medikarantai/public/routes/main.py", line 201, in register
    new_user = User(
  File "<string>", line 4, in __init__
  File "/home/medikara/virtualenv/medikarantai/3.10/lib64/python3.10/site-packages/sqlalchemy/orm/state.py", line 596, in _initialize_instance
    with util.safe_reraise():
  File "/home/medikara/virtualenv/medikarantai/3.10/lib64/python3.10/site-packages/sqlalchemy/util/langhelpers.py", line 122, in __exit__
    raise exc_value.with_traceback(exc_tb)
  File "/home/medikara/virtualenv/medikarantai/3.10/lib64/python3.10/site-packages/sqlalchemy/orm/state.py", line 594, in _initialize_instance
    manager.original_init(*mixed[1:], **kwargs)
  File "/home/medikara/virtualenv/medikarantai/3.10/lib64/python3.10/site-packages/sqlalchemy/orm/decl_base.py", line 2182, in _declarative_constructor
    setattr(self, k, kwargs[k])
AttributeError: can't set attribute 'is_active'
[2026-06-16 22:25:20,943] ERROR in app: Exception on /register [POST]
Traceback (most recent call last):
  File "/home/medikara/virtualenv/medikarantai/3.10/lib/python3.10/site-packages/flask/app.py", line 1511, in wsgi_app
    response = self.full_dispatch_request()
  File "/home/medikara/virtualenv/medikarantai/3.10/lib/python3.10/site-packages/flask/app.py", line 919, in full_dispatch_request
    rv = self.handle_user_exception(e)
  File "/home/medikara/virtualenv/medikarantai/3.10/lib/python3.10/site-packages/flask/app.py", line 917, in full_dispatch_request
    rv = self.dispatch_request()
  File "/home/medikara/virtualenv/medikarantai/3.10/lib/python3.10/site-packages/flask/app.py", line 902, in dispatch_request
    return self.ensure_sync(self.view_functions[rule.endpoint])(**view_args)  # type: ignore[no-any-return]
  File "/home/medikara/medikarantai/public/routes/main.py", line 201, in register
    new_user = User(
  File "<string>", line 4, in __init__
  File "/home/medikara/virtualenv/medikarantai/3.10/lib64/python3.10/site-packages/sqlalchemy/orm/state.py", line 596, in _initialize_instance
    with util.safe_reraise():
  File "/home/medikara/virtualenv/medikarantai/3.10/lib64/python3.10/site-packages/sqlalchemy/util/langhelpers.py", line 122, in __exit__
    raise exc_value.with_traceback(exc_tb)
  File "/home/medikara/virtualenv/medikarantai/3.10/lib64/python3.10/site-packages/sqlalchemy/orm/state.py", line 594, in _initialize_instance
    manager.original_init(*mixed[1:], **kwargs)
  File "/home/medikara/virtualenv/medikarantai/3.10/lib64/python3.10/site-packages/sqlalchemy/orm/decl_base.py", line 2182, in _declarative_constructor
    setattr(self, k, kwargs[k])
AttributeError: can't set attribute 'is_active'
[2026-06-16 22:27:06,812] ERROR in app: Exception on /login [POST]
Traceback (most recent call last):
  File "/home/medikara/virtualenv/medikarantai/3.10/lib/python3.10/site-packages/flask/app.py", line 1511, in wsgi_app
    response = self.full_dispatch_request()
  File "/home/medikara/virtualenv/medikarantai/3.10/lib/python3.10/site-packages/flask/app.py", line 919, in full_dispatch_request
    rv = self.handle_user_exception(e)
  File "/home/medikara/virtualenv/medikarantai/3.10/lib/python3.10/site-packages/flask/app.py", line 917, in full_dispatch_request
    rv = self.dispatch_request()
  File "/home/medikara/virtualenv/medikarantai/3.10/lib/python3.10/site-packages/flask/app.py", line 902, in dispatch_request
    return self.ensure_sync(self.view_functions[rule.endpoint])(**view_args)  # type: ignore[no-any-return]
  File "/home/medikara/medikarantai/public/routes/main.py", line 169, in login
    if user and check_password_hash(user.password_hash, password):
AttributeError: 'User' object has no attribute 'password_hash'
